<?xml version="1.0" encoding="UTF-8"?>
<!-- Generated by org.testng.reporters.JUnitReportReporter -->
<testsuite skipped="0" hostname="Nithesh-Gowda" name="com.autodesk.delContactAndOrg.DeleteContactAndOrg" tests="1" failures="0" timestamp="2020-08-03T19:51:45 IST" time="104.573" errors="0">
  <testcase name="deleteConAndOrg" time="104.573" classname="com.autodesk.delContactAndOrg.DeleteContactAndOrg"/>
  <system-out/>
</testsuite> <!-- com.autodesk.delContactAndOrg.DeleteContactAndOrg -->
